[2017-03-07 00:27:06,034] INFO [Controller 0]: Controller starting up (kafka.controller.KafkaController)
[2017-03-07 00:27:06,051] INFO [Controller 0]: Broker 0 starting become controller state transition (kafka.controller.KafkaController)
[2017-03-07 00:27:06,053] INFO [Controller 0]: Initialized controller epoch to 3 and zk version 2 (kafka.controller.KafkaController)
[2017-03-07 00:27:06,056] INFO [Controller 0]: Controller 0 incremented epoch to 4 (kafka.controller.KafkaController)
[2017-03-07 00:27:06,057] DEBUG [Controller 0]: Registering IsrChangeNotificationListener (kafka.controller.KafkaController)
[2017-03-07 00:27:06,098] INFO [Controller 0]: Partitions undergoing preferred replica election:  (kafka.controller.KafkaController)
[2017-03-07 00:27:06,098] INFO [Controller 0]: Partitions that completed preferred replica election:  (kafka.controller.KafkaController)
[2017-03-07 00:27:06,098] INFO [Controller 0]: Resuming preferred replica election for partitions:  (kafka.controller.KafkaController)
[2017-03-07 00:27:06,101] INFO [Controller 0]: Partitions being reassigned: Map() (kafka.controller.KafkaController)
[2017-03-07 00:27:06,101] INFO [Controller 0]: Partitions already reassigned: List() (kafka.controller.KafkaController)
[2017-03-07 00:27:06,101] INFO [Controller 0]: Resuming reassignment of partitions: Map() (kafka.controller.KafkaController)
[2017-03-07 00:27:06,104] INFO [Controller 0]: List of topics to be deleted:  (kafka.controller.KafkaController)
[2017-03-07 00:27:06,104] INFO [Controller 0]: List of topics ineligible for deletion: item-ItemEvent,bidding-BidEvent,__consumer_offsets (kafka.controller.KafkaController)
[2017-03-07 00:27:06,107] INFO [Controller 0]: Currently active brokers in the cluster: Set() (kafka.controller.KafkaController)
[2017-03-07 00:27:06,107] INFO [Controller 0]: Currently shutting brokers in the cluster: Set() (kafka.controller.KafkaController)
[2017-03-07 00:27:06,108] INFO [Controller 0]: Current list of topics in the cluster: Set(__consumer_offsets, item-ItemEvent, bidding-BidEvent) (kafka.controller.KafkaController)
[2017-03-07 00:27:06,112] INFO [Replica state machine on controller 0]: Started replica state machine with initial state -> Map([Topic=bidding-BidEvent,Partition=0,Replica=0] -> ReplicaDeletionIneligible, [Topic=__consumer_offsets,Partition=0,Replica=0] -> ReplicaDeletionIneligible, [Topic=item-ItemEvent,Partition=0,Replica=0] -> ReplicaDeletionIneligible) (kafka.controller.ReplicaStateMachine)
[2017-03-07 00:27:06,123] DEBUG [OfflinePartitionLeaderSelector]: No broker in ISR is alive for [item-ItemEvent,0]. Pick the leader from the alive assigned replicas:  (kafka.controller.OfflinePartitionLeaderSelector)
[2017-03-07 00:27:06,132] DEBUG [OfflinePartitionLeaderSelector]: No broker in ISR is alive for [bidding-BidEvent,0]. Pick the leader from the alive assigned replicas:  (kafka.controller.OfflinePartitionLeaderSelector)
[2017-03-07 00:27:06,141] DEBUG [OfflinePartitionLeaderSelector]: No broker in ISR is alive for [__consumer_offsets,0]. Pick the leader from the alive assigned replicas:  (kafka.controller.OfflinePartitionLeaderSelector)
[2017-03-07 00:27:06,149] INFO [Partition state machine on Controller 0]: Started partition state machine with initial state -> Map([item-ItemEvent,0] -> OfflinePartition, [bidding-BidEvent,0] -> OfflinePartition, [__consumer_offsets,0] -> OfflinePartition) (kafka.controller.PartitionStateMachine)
[2017-03-07 00:27:06,152] INFO [Controller 0]: Broker 0 is ready to serve as the new controller with epoch 4 (kafka.controller.KafkaController)
[2017-03-07 00:27:06,154] INFO [Controller 0]: Starting preferred replica leader election for partitions  (kafka.controller.KafkaController)
[2017-03-07 00:27:06,155] INFO [Partition state machine on Controller 0]: Invoking state change to OnlinePartition for partitions  (kafka.controller.PartitionStateMachine)
[2017-03-07 00:27:06,160] INFO [Controller 0]: starting the partition rebalance scheduler (kafka.controller.KafkaController)
[2017-03-07 00:27:06,160] INFO [Controller 0]: Controller startup complete (kafka.controller.KafkaController)
[2017-03-07 00:27:11,164] TRACE [Controller 0]: checking need to trigger partition rebalance (kafka.controller.KafkaController)
[2017-03-07 00:27:11,166] DEBUG [Controller 0]: preferred replicas by broker Map(0 -> Map([item-ItemEvent,0] -> List(0), [bidding-BidEvent,0] -> List(0), [__consumer_offsets,0] -> List(0))) (kafka.controller.KafkaController)
[2017-03-07 00:27:11,167] DEBUG [Controller 0]: topics not in preferred replica Map() (kafka.controller.KafkaController)
[2017-03-07 00:27:11,168] TRACE [Controller 0]: leader imbalance ratio for broker 0 is 0.000000 (kafka.controller.KafkaController)
[2017-03-07 00:27:16,244] INFO [BrokerChangeListener on Controller 0]: Broker change listener fired for path /brokers/ids with children 0 (kafka.controller.ReplicaStateMachine$BrokerChangeListener)
[2017-03-07 00:27:16,262] INFO [BrokerChangeListener on Controller 0]: Newly added brokers: 0, deleted brokers: , all live brokers: 0 (kafka.controller.ReplicaStateMachine$BrokerChangeListener)
[2017-03-07 00:27:16,263] DEBUG [Channel manager on controller 0]: Controller 0 trying to connect to broker 0 (kafka.controller.ControllerChannelManager)
[2017-03-07 00:27:16,273] INFO [Controller-0-to-broker-0-send-thread], Starting  (kafka.controller.RequestSendThread)
[2017-03-07 00:27:16,273] INFO [Controller 0]: New broker startup callback for 0 (kafka.controller.KafkaController)
[2017-03-07 00:27:16,296] INFO [Replica state machine on controller 0]: Invoking state change to OnlineReplica for replicas [Topic=item-ItemEvent,Partition=0,Replica=0],[Topic=bidding-BidEvent,Partition=0,Replica=0],[Topic=__consumer_offsets,Partition=0,Replica=0] (kafka.controller.ReplicaStateMachine)
[2017-03-07 00:27:16,300] INFO [Controller-0-to-broker-0-send-thread], Controller 0 connected to 172.20.0.188:9092 (id: 0 rack: null) for sending state change requests (kafka.controller.RequestSendThread)
[2017-03-07 00:27:16,310] DEBUG [OfflinePartitionLeaderSelector]: Some broker in ISR is alive for [item-ItemEvent,0]. Select 0 from ISR 0 to be the leader. (kafka.controller.OfflinePartitionLeaderSelector)
[2017-03-07 00:27:16,311] INFO [OfflinePartitionLeaderSelector]: Selected new leader and ISR {"leader":0,"leader_epoch":3,"isr":[0]} for offline partition [item-ItemEvent,0] (kafka.controller.OfflinePartitionLeaderSelector)
[2017-03-07 00:27:16,315] DEBUG [Partition state machine on Controller 0]: After leader election, leader cache is updated to Map([item-ItemEvent,0] -> (Leader:0,ISR:0,LeaderEpoch:3,ControllerEpoch:4), [bidding-BidEvent,0] -> (Leader:0,ISR:0,LeaderEpoch:2,ControllerEpoch:3), [__consumer_offsets,0] -> (Leader:0,ISR:0,LeaderEpoch:2,ControllerEpoch:3)) (kafka.controller.PartitionStateMachine)
[2017-03-07 00:27:16,318] DEBUG [OfflinePartitionLeaderSelector]: Some broker in ISR is alive for [bidding-BidEvent,0]. Select 0 from ISR 0 to be the leader. (kafka.controller.OfflinePartitionLeaderSelector)
[2017-03-07 00:27:16,318] INFO [OfflinePartitionLeaderSelector]: Selected new leader and ISR {"leader":0,"leader_epoch":3,"isr":[0]} for offline partition [bidding-BidEvent,0] (kafka.controller.OfflinePartitionLeaderSelector)
[2017-03-07 00:27:16,319] DEBUG [Partition state machine on Controller 0]: After leader election, leader cache is updated to Map([item-ItemEvent,0] -> (Leader:0,ISR:0,LeaderEpoch:3,ControllerEpoch:4), [bidding-BidEvent,0] -> (Leader:0,ISR:0,LeaderEpoch:3,ControllerEpoch:4), [__consumer_offsets,0] -> (Leader:0,ISR:0,LeaderEpoch:2,ControllerEpoch:3)) (kafka.controller.PartitionStateMachine)
[2017-03-07 00:27:16,322] DEBUG [OfflinePartitionLeaderSelector]: Some broker in ISR is alive for [__consumer_offsets,0]. Select 0 from ISR 0 to be the leader. (kafka.controller.OfflinePartitionLeaderSelector)
[2017-03-07 00:27:16,322] INFO [OfflinePartitionLeaderSelector]: Selected new leader and ISR {"leader":0,"leader_epoch":3,"isr":[0]} for offline partition [__consumer_offsets,0] (kafka.controller.OfflinePartitionLeaderSelector)
[2017-03-07 00:27:16,323] DEBUG [Partition state machine on Controller 0]: After leader election, leader cache is updated to Map([item-ItemEvent,0] -> (Leader:0,ISR:0,LeaderEpoch:3,ControllerEpoch:4), [bidding-BidEvent,0] -> (Leader:0,ISR:0,LeaderEpoch:3,ControllerEpoch:4), [__consumer_offsets,0] -> (Leader:0,ISR:0,LeaderEpoch:3,ControllerEpoch:4)) (kafka.controller.PartitionStateMachine)
[2017-03-07 00:31:54,992] INFO [Controller 0]: Shutting down broker 0 (kafka.controller.KafkaController)
[2017-03-07 00:31:54,996] DEBUG [Controller 0]: All shutting down brokers: 0 (kafka.controller.KafkaController)
[2017-03-07 00:31:54,996] DEBUG [Controller 0]: Live brokers:  (kafka.controller.KafkaController)
[2017-03-07 00:31:55,001] TRACE [Controller 0]: All leaders = [item-ItemEvent,0] -> (Leader:0,ISR:0,LeaderEpoch:3,ControllerEpoch:4),[bidding-BidEvent,0] -> (Leader:0,ISR:0,LeaderEpoch:3,ControllerEpoch:4),[__consumer_offsets,0] -> (Leader:0,ISR:0,LeaderEpoch:3,ControllerEpoch:4) (kafka.controller.KafkaController)
[2017-03-07 00:31:56,592] DEBUG [Controller 0]: Controller resigning, broker id 0 (kafka.controller.KafkaController)
[2017-03-07 00:31:56,592] DEBUG [Controller 0]: De-registering IsrChangeNotificationListener (kafka.controller.KafkaController)
[2017-03-07 00:31:56,594] INFO [Partition state machine on Controller 0]: Stopped partition state machine (kafka.controller.PartitionStateMachine)
[2017-03-07 00:31:56,594] INFO [Replica state machine on controller 0]: Stopped replica state machine (kafka.controller.ReplicaStateMachine)
[2017-03-07 00:31:56,595] INFO [Controller-0-to-broker-0-send-thread], Shutting down (kafka.controller.RequestSendThread)
[2017-03-07 00:31:56,595] INFO [Controller-0-to-broker-0-send-thread], Stopped  (kafka.controller.RequestSendThread)
[2017-03-07 00:31:56,595] INFO [Controller-0-to-broker-0-send-thread], Shutdown completed (kafka.controller.RequestSendThread)
[2017-03-07 00:31:56,596] INFO [Controller 0]: Broker 0 resigned as the controller (kafka.controller.KafkaController)
