[2017-03-07 00:26:48,845] INFO Kafka data directory is /Users/kiki/workspace/online-auction-scala/target/lagom-dynamic-projects/lagom-internal-meta-project-kafka/target/kafka_data. (com.lightbend.lagom.internal.kafka.KafkaLocalServer)
[2017-03-07 00:26:49,104] INFO KafkaConfig values: 
	advertised.host.name = null
	metric.reporters = []
	quota.producer.default = 9223372036854775807
	offsets.topic.num.partitions = 1
	log.flush.interval.messages = 9223372036854775807
	auto.create.topics.enable = true
	controller.socket.timeout.ms = 30000
	log.flush.interval.ms = null
	principal.builder.class = class org.apache.kafka.common.security.auth.DefaultPrincipalBuilder
	replica.socket.receive.buffer.bytes = 65536
	min.insync.replicas = 1
	replica.fetch.wait.max.ms = 500
	num.recovery.threads.per.data.dir = 1
	ssl.keystore.type = JKS
	sasl.mechanism.inter.broker.protocol = GSSAPI
	default.replication.factor = 1
	ssl.truststore.password = null
	log.preallocate = false
	sasl.kerberos.principal.to.local.rules = [DEFAULT]
	fetch.purgatory.purge.interval.requests = 1000
	ssl.endpoint.identification.algorithm = null
	replica.socket.timeout.ms = 30000
	message.max.bytes = 1000012
	num.io.threads = 8
	offsets.commit.required.acks = -1
	log.flush.offset.checkpoint.interval.ms = 60000
	delete.topic.enable = false
	quota.window.size.seconds = 1
	ssl.truststore.type = JKS
	offsets.commit.timeout.ms = 5000
	quota.window.num = 11
	zookeeper.connect = localhost:2181
	authorizer.class.name = 
	num.replica.fetchers = 1
	log.retention.ms = null
	log.roll.jitter.hours = 0
	log.cleaner.enable = true
	offsets.load.buffer.size = 5242880
	log.cleaner.delete.retention.ms = 86400000
	ssl.client.auth = none
	controlled.shutdown.max.retries = 3
	queued.max.requests = 500
	offsets.topic.replication.factor = 1
	log.cleaner.threads = 1
	sasl.kerberos.service.name = null
	sasl.kerberos.ticket.renew.jitter = 0.05
	socket.request.max.bytes = 104857600
	ssl.trustmanager.algorithm = PKIX
	zookeeper.session.timeout.ms = 6000
	log.retention.bytes = -1
	log.message.timestamp.type = CreateTime
	sasl.kerberos.min.time.before.relogin = 60000
	zookeeper.set.acl = false
	connections.max.idle.ms = 600000
	offsets.retention.minutes = 1440
	replica.fetch.backoff.ms = 1000
	inter.broker.protocol.version = 0.10.0-IV1
	log.retention.hours = 168
	num.partitions = 1
	broker.id.generation.enable = true
	listeners = PLAINTEXT://:9092
	ssl.provider = null
	ssl.enabled.protocols = [TLSv1.2, TLSv1.1, TLSv1]
	log.roll.ms = null
	log.flush.scheduler.interval.ms = 9223372036854775807
	ssl.cipher.suites = null
	log.index.size.max.bytes = 10485760
	ssl.keymanager.algorithm = SunX509
	security.inter.broker.protocol = PLAINTEXT
	replica.fetch.max.bytes = 1048576
	advertised.port = null
	log.cleaner.dedupe.buffer.size = 134217728
	replica.high.watermark.checkpoint.interval.ms = 5000
	log.cleaner.io.buffer.size = 524288
	sasl.kerberos.ticket.renew.window.factor = 0.8
	zookeeper.connection.timeout.ms = 6000
	controlled.shutdown.retry.backoff.ms = 5000
	log.roll.hours = 168
	log.cleanup.policy = delete
	host.name = 
	log.roll.jitter.ms = null
	max.connections.per.ip = 2147483647
	offsets.topic.segment.bytes = 104857600
	background.threads = 10
	quota.consumer.default = 9223372036854775807
	request.timeout.ms = 30000
	log.message.format.version = 0.10.0-IV1
	log.index.interval.bytes = 4096
	log.dir = /tmp/kafka-logs
	log.segment.bytes = 1073741824
	log.cleaner.backoff.ms = 15000
	offset.metadata.max.bytes = 4096
	ssl.truststore.location = null
	group.max.session.timeout.ms = 300000
	ssl.keystore.password = null
	zookeeper.sync.time.ms = 2000
	port = 9092
	log.retention.minutes = null
	log.segment.delete.delay.ms = 60000
	log.dirs = /Users/kiki/workspace/online-auction-scala/target/lagom-dynamic-projects/lagom-internal-meta-project-kafka/target/kafka_data
	controlled.shutdown.enable = true
	compression.type = producer
	max.connections.per.ip.overrides = 
	log.message.timestamp.difference.max.ms = 9223372036854775807
	sasl.kerberos.kinit.cmd = /usr/bin/kinit
	log.cleaner.io.max.bytes.per.second = 1.7976931348623157E308
	auto.leader.rebalance.enable = true
	leader.imbalance.check.interval.seconds = 300
	log.cleaner.min.cleanable.ratio = 0.5
	replica.lag.time.max.ms = 10000
	num.network.threads = 3
	ssl.key.password = null
	reserved.broker.max.id = 1000
	metrics.num.samples = 2
	socket.send.buffer.bytes = 102400
	ssl.protocol = TLS
	socket.receive.buffer.bytes = 102400
	ssl.keystore.location = null
	replica.fetch.min.bytes = 1
	broker.rack = null
	unclean.leader.election.enable = true
	sasl.enabled.mechanisms = [GSSAPI]
	group.min.session.timeout.ms = 6000
	log.cleaner.io.buffer.load.factor = 0.9
	offsets.retention.check.interval.ms = 600000
	producer.purgatory.purge.interval.requests = 1000
	metrics.sample.window.ms = 30000
	broker.id = 0
	offsets.topic.compression.codec = 0
	log.retention.check.interval.ms = 300000
	advertised.listeners = null
	leader.imbalance.per.broker.percentage = 10
 (kafka.server.KafkaConfig)
[2017-03-07 00:26:54,406] INFO Zookeeper data directory is /Users/kiki/workspace/online-auction-scala/target/lagom-dynamic-projects/lagom-internal-meta-project-kafka/target/zookeeper_data. (com.lightbend.lagom.internal.kafka.KafkaLocalServer)
[2017-03-07 00:26:54,421] INFO Starting server (org.apache.zookeeper.server.ZooKeeperServerMain)
[2017-03-07 00:26:59,436] INFO Server environment:zookeeper.version=3.4.6-1569965, built on 02/20/2014 09:09 GMT (org.apache.zookeeper.server.ZooKeeperServer)
[2017-03-07 00:26:59,436] INFO Server environment:host.name=172.20.0.188 (org.apache.zookeeper.server.ZooKeeperServer)
[2017-03-07 00:26:59,436] INFO Server environment:java.version=1.8.0_101 (org.apache.zookeeper.server.ZooKeeperServer)
[2017-03-07 00:26:59,436] INFO Server environment:java.vendor=Oracle Corporation (org.apache.zookeeper.server.ZooKeeperServer)
[2017-03-07 00:26:59,436] INFO Server environment:java.home=/Library/Java/JavaVirtualMachines/jdk1.8.0_101.jdk/Contents/Home/jre (org.apache.zookeeper.server.ZooKeeperServer)
[2017-03-07 00:26:59,436] INFO Server environment:java.class.path=/Users/kiki/.ivy2/cache/org.scala-lang/scala-library/jars/scala-library-2.11.7.jar:/Users/kiki/.ivy2/cache/com.lightbend.lagom/lagom-kafka-server_2.11/jars/lagom-kafka-server_2.11-1.3.1.jar:/Users/kiki/.ivy2/cache/org.apache.kafka/kafka_2.11/jars/kafka_2.11-0.10.0.1.jar:/Users/kiki/.ivy2/cache/com.101tec/zkclient/jars/zkclient-0.8.jar:/Users/kiki/.ivy2/cache/org.slf4j/slf4j-log4j12/jars/slf4j-log4j12-1.7.21.jar:/Users/kiki/.ivy2/cache/org.slf4j/slf4j-api/jars/slf4j-api-1.7.21.jar:/Users/kiki/.ivy2/cache/log4j/log4j/bundles/log4j-1.2.17.jar:/Users/kiki/.ivy2/cache/org.apache.zookeeper/zookeeper/jars/zookeeper-3.4.6.jar:/Users/kiki/.ivy2/cache/jline/jline/jars/jline-0.9.94.jar:/Users/kiki/.ivy2/cache/junit/junit/jars/junit-3.8.1.jar:/Users/kiki/.ivy2/cache/io.netty/netty/bundles/netty-3.7.0.Final.jar:/Users/kiki/.ivy2/cache/com.yammer.metrics/metrics-core/jars/metrics-core-2.2.0.jar:/Users/kiki/.ivy2/cache/org.scala-lang.modules/scala-parser-combinators_2.11/bundles/scala-parser-combinators_2.11-1.0.4.jar:/Users/kiki/.ivy2/cache/net.sf.jopt-simple/jopt-simple/jars/jopt-simple-4.9.jar:/Users/kiki/.ivy2/cache/org.apache.kafka/kafka-clients/jars/kafka-clients-0.10.0.1.jar:/Users/kiki/.ivy2/cache/net.jpountz.lz4/lz4/jars/lz4-1.3.0.jar:/Users/kiki/.ivy2/cache/org.xerial.snappy/snappy-java/bundles/snappy-java-1.1.2.6.jar:/Users/kiki/.ivy2/cache/org.apache.curator/curator-framework/bundles/curator-framework-2.10.0.jar:/Users/kiki/.ivy2/cache/org.apache.curator/curator-client/bundles/curator-client-2.10.0.jar:/Users/kiki/.ivy2/cache/com.google.guava/guava/bundles/guava-16.0.1.jar:/Users/kiki/.ivy2/cache/org.apache.curator/curator-test/jars/curator-test-2.10.0.jar:/Users/kiki/.ivy2/cache/org.javassist/javassist/bundles/javassist-3.18.1-GA.jar:/Users/kiki/.ivy2/cache/org.apache.commons/commons-math/jars/commons-math-2.2.jar:/Users/kiki/.ivy2/cache/org.scala-lang.modules/scala-java8-compat_2.11/bundles/scala-java8-compat_2.11-0.7.0.jar (org.apache.zookeeper.server.ZooKeeperServer)
[2017-03-07 00:26:59,436] INFO Server environment:java.library.path=/Users/kiki/Library/Java/Extensions:/Library/Java/Extensions:/Network/Library/Java/Extensions:/System/Library/Java/Extensions:/usr/lib/java:. (org.apache.zookeeper.server.ZooKeeperServer)
[2017-03-07 00:26:59,436] INFO Server environment:java.io.tmpdir=/var/folders/sr/b67nxw5n1wb6wq1ryw45c8v80000gn/T/ (org.apache.zookeeper.server.ZooKeeperServer)
[2017-03-07 00:26:59,436] INFO Server environment:java.compiler=<NA> (org.apache.zookeeper.server.ZooKeeperServer)
[2017-03-07 00:26:59,436] INFO Server environment:os.name=Mac OS X (org.apache.zookeeper.server.ZooKeeperServer)
[2017-03-07 00:26:59,436] INFO Server environment:os.arch=x86_64 (org.apache.zookeeper.server.ZooKeeperServer)
[2017-03-07 00:26:59,436] INFO Server environment:os.version=10.12.3 (org.apache.zookeeper.server.ZooKeeperServer)
[2017-03-07 00:26:59,436] INFO Server environment:user.name=kiki (org.apache.zookeeper.server.ZooKeeperServer)
[2017-03-07 00:26:59,436] INFO Server environment:user.home=/Users/kiki (org.apache.zookeeper.server.ZooKeeperServer)
[2017-03-07 00:26:59,436] INFO Server environment:user.dir=/Users/kiki/workspace/online-auction-scala (org.apache.zookeeper.server.ZooKeeperServer)
[2017-03-07 00:26:59,449] INFO tickTime set to 3000 (org.apache.zookeeper.server.ZooKeeperServer)
[2017-03-07 00:26:59,449] INFO minSessionTimeout set to -1 (org.apache.zookeeper.server.ZooKeeperServer)
[2017-03-07 00:26:59,449] INFO maxSessionTimeout set to -1 (org.apache.zookeeper.server.ZooKeeperServer)
[2017-03-07 00:26:59,469] INFO binding to port 0.0.0.0/0.0.0.0:2181 (org.apache.zookeeper.server.NIOServerCnxnFactory)
[2017-03-07 00:27:00,523] INFO starting (kafka.server.KafkaServer)
[2017-03-07 00:27:00,533] INFO Connecting to zookeeper on localhost:2181 (kafka.server.KafkaServer)
[2017-03-07 00:27:00,546] INFO Starting ZkClient event thread. (org.I0Itec.zkclient.ZkEventThread)
[2017-03-07 00:27:05,554] INFO Client environment:zookeeper.version=3.4.6-1569965, built on 02/20/2014 09:09 GMT (org.apache.zookeeper.ZooKeeper)
[2017-03-07 00:27:05,554] INFO Client environment:host.name=172.20.0.188 (org.apache.zookeeper.ZooKeeper)
[2017-03-07 00:27:05,554] INFO Client environment:java.version=1.8.0_101 (org.apache.zookeeper.ZooKeeper)
[2017-03-07 00:27:05,554] INFO Client environment:java.vendor=Oracle Corporation (org.apache.zookeeper.ZooKeeper)
[2017-03-07 00:27:05,554] INFO Client environment:java.home=/Library/Java/JavaVirtualMachines/jdk1.8.0_101.jdk/Contents/Home/jre (org.apache.zookeeper.ZooKeeper)
[2017-03-07 00:27:05,555] INFO Client environment:java.class.path=/Users/kiki/.ivy2/cache/org.scala-lang/scala-library/jars/scala-library-2.11.7.jar:/Users/kiki/.ivy2/cache/com.lightbend.lagom/lagom-kafka-server_2.11/jars/lagom-kafka-server_2.11-1.3.1.jar:/Users/kiki/.ivy2/cache/org.apache.kafka/kafka_2.11/jars/kafka_2.11-0.10.0.1.jar:/Users/kiki/.ivy2/cache/com.101tec/zkclient/jars/zkclient-0.8.jar:/Users/kiki/.ivy2/cache/org.slf4j/slf4j-log4j12/jars/slf4j-log4j12-1.7.21.jar:/Users/kiki/.ivy2/cache/org.slf4j/slf4j-api/jars/slf4j-api-1.7.21.jar:/Users/kiki/.ivy2/cache/log4j/log4j/bundles/log4j-1.2.17.jar:/Users/kiki/.ivy2/cache/org.apache.zookeeper/zookeeper/jars/zookeeper-3.4.6.jar:/Users/kiki/.ivy2/cache/jline/jline/jars/jline-0.9.94.jar:/Users/kiki/.ivy2/cache/junit/junit/jars/junit-3.8.1.jar:/Users/kiki/.ivy2/cache/io.netty/netty/bundles/netty-3.7.0.Final.jar:/Users/kiki/.ivy2/cache/com.yammer.metrics/metrics-core/jars/metrics-core-2.2.0.jar:/Users/kiki/.ivy2/cache/org.scala-lang.modules/scala-parser-combinators_2.11/bundles/scala-parser-combinators_2.11-1.0.4.jar:/Users/kiki/.ivy2/cache/net.sf.jopt-simple/jopt-simple/jars/jopt-simple-4.9.jar:/Users/kiki/.ivy2/cache/org.apache.kafka/kafka-clients/jars/kafka-clients-0.10.0.1.jar:/Users/kiki/.ivy2/cache/net.jpountz.lz4/lz4/jars/lz4-1.3.0.jar:/Users/kiki/.ivy2/cache/org.xerial.snappy/snappy-java/bundles/snappy-java-1.1.2.6.jar:/Users/kiki/.ivy2/cache/org.apache.curator/curator-framework/bundles/curator-framework-2.10.0.jar:/Users/kiki/.ivy2/cache/org.apache.curator/curator-client/bundles/curator-client-2.10.0.jar:/Users/kiki/.ivy2/cache/com.google.guava/guava/bundles/guava-16.0.1.jar:/Users/kiki/.ivy2/cache/org.apache.curator/curator-test/jars/curator-test-2.10.0.jar:/Users/kiki/.ivy2/cache/org.javassist/javassist/bundles/javassist-3.18.1-GA.jar:/Users/kiki/.ivy2/cache/org.apache.commons/commons-math/jars/commons-math-2.2.jar:/Users/kiki/.ivy2/cache/org.scala-lang.modules/scala-java8-compat_2.11/bundles/scala-java8-compat_2.11-0.7.0.jar (org.apache.zookeeper.ZooKeeper)
[2017-03-07 00:27:05,555] INFO Client environment:java.library.path=/Users/kiki/Library/Java/Extensions:/Library/Java/Extensions:/Network/Library/Java/Extensions:/System/Library/Java/Extensions:/usr/lib/java:. (org.apache.zookeeper.ZooKeeper)
[2017-03-07 00:27:05,555] INFO Client environment:java.io.tmpdir=/var/folders/sr/b67nxw5n1wb6wq1ryw45c8v80000gn/T/ (org.apache.zookeeper.ZooKeeper)
[2017-03-07 00:27:05,555] INFO Client environment:java.compiler=<NA> (org.apache.zookeeper.ZooKeeper)
[2017-03-07 00:27:05,555] INFO Client environment:os.name=Mac OS X (org.apache.zookeeper.ZooKeeper)
[2017-03-07 00:27:05,555] INFO Client environment:os.arch=x86_64 (org.apache.zookeeper.ZooKeeper)
[2017-03-07 00:27:05,555] INFO Client environment:os.version=10.12.3 (org.apache.zookeeper.ZooKeeper)
[2017-03-07 00:27:05,555] INFO Client environment:user.name=kiki (org.apache.zookeeper.ZooKeeper)
[2017-03-07 00:27:05,555] INFO Client environment:user.home=/Users/kiki (org.apache.zookeeper.ZooKeeper)
[2017-03-07 00:27:05,555] INFO Client environment:user.dir=/Users/kiki/workspace/online-auction-scala (org.apache.zookeeper.ZooKeeper)
[2017-03-07 00:27:05,555] INFO Initiating client connection, connectString=localhost:2181 sessionTimeout=6000 watcher=org.I0Itec.zkclient.ZkClient@223d2c72 (org.apache.zookeeper.ZooKeeper)
[2017-03-07 00:27:05,565] INFO Waiting for keeper state SyncConnected (org.I0Itec.zkclient.ZkClient)
[2017-03-07 00:27:05,568] INFO Opening socket connection to server localhost/127.0.0.1:2181. Will not attempt to authenticate using SASL (unknown error) (org.apache.zookeeper.ClientCnxn)
[2017-03-07 00:27:05,586] INFO Socket connection established to localhost/127.0.0.1:2181, initiating session (org.apache.zookeeper.ClientCnxn)
[2017-03-07 00:27:05,587] INFO Accepted socket connection from /127.0.0.1:64208 (org.apache.zookeeper.server.NIOServerCnxnFactory)
[2017-03-07 00:27:05,591] INFO Client attempting to establish new session at /127.0.0.1:64208 (org.apache.zookeeper.server.ZooKeeperServer)
[2017-03-07 00:27:05,592] INFO Creating new log file: log.4a (org.apache.zookeeper.server.persistence.FileTxnLog)
[2017-03-07 00:27:05,597] INFO Established session 0x15aa73c1eb00000 with negotiated timeout 6000 for client /127.0.0.1:64208 (org.apache.zookeeper.server.ZooKeeperServer)
[2017-03-07 00:27:05,597] INFO Session establishment complete on server localhost/127.0.0.1:2181, sessionid = 0x15aa73c1eb00000, negotiated timeout = 6000 (org.apache.zookeeper.ClientCnxn)
[2017-03-07 00:27:05,598] INFO zookeeper state changed (SyncConnected) (org.I0Itec.zkclient.ZkClient)
[2017-03-07 00:27:05,752] INFO Loading logs. (kafka.log.LogManager)
[2017-03-07 00:27:05,792] INFO Completed load of log __consumer_offsets-0 with log end offset 31 (kafka.log.Log)
[2017-03-07 00:27:05,798] INFO Completed load of log bidding-BidEvent-0 with log end offset 1 (kafka.log.Log)
[2017-03-07 00:27:05,801] INFO Completed load of log item-ItemEvent-0 with log end offset 4 (kafka.log.Log)
[2017-03-07 00:27:05,804] INFO Logs loading complete. (kafka.log.LogManager)
[2017-03-07 00:27:05,917] INFO Starting log cleanup with a period of 300000 ms. (kafka.log.LogManager)
[2017-03-07 00:27:05,920] INFO Starting log flusher with a default period of 9223372036854775807 ms. (kafka.log.LogManager)
[2017-03-07 00:27:05,963] INFO Awaiting socket connections on 0.0.0.0:9092. (kafka.network.Acceptor)
[2017-03-07 00:27:05,966] INFO [Socket Server on Broker 0], Started 1 acceptor threads (kafka.network.SocketServer)
[2017-03-07 00:27:05,987] INFO [ExpirationReaper-0], Starting  (kafka.server.DelayedOperationPurgatory$ExpiredOperationReaper)
[2017-03-07 00:27:05,988] INFO [ExpirationReaper-0], Starting  (kafka.server.DelayedOperationPurgatory$ExpiredOperationReaper)
[2017-03-07 00:27:06,044] INFO Creating /controller (is it secure? false) (kafka.utils.ZKCheckedEphemeral)
[2017-03-07 00:27:06,050] INFO Result of znode creation is: OK (kafka.utils.ZKCheckedEphemeral)
[2017-03-07 00:27:06,051] INFO 0 successfully elected as leader (kafka.server.ZookeeperLeaderElector)
[2017-03-07 00:27:06,157] INFO Got user-level KeeperException when processing sessionid:0x15aa73c1eb00000 type:delete cxid:0x32 zxid:0x4d txntype:-1 reqpath:n/a Error Path:/admin/preferred_replica_election Error:KeeperErrorCode = NoNode for /admin/preferred_replica_election (org.apache.zookeeper.server.PrepRequestProcessor)
[2017-03-07 00:27:06,164] INFO New leader is 0 (kafka.server.ZookeeperLeaderElector$LeaderChangeListener)
[2017-03-07 00:27:06,165] INFO [ExpirationReaper-0], Starting  (kafka.server.DelayedOperationPurgatory$ExpiredOperationReaper)
[2017-03-07 00:27:06,166] INFO [ExpirationReaper-0], Starting  (kafka.server.DelayedOperationPurgatory$ExpiredOperationReaper)
[2017-03-07 00:27:06,179] INFO [GroupCoordinator 0]: Starting up. (kafka.coordinator.GroupCoordinator)
[2017-03-07 00:27:06,180] INFO [GroupCoordinator 0]: Startup complete. (kafka.coordinator.GroupCoordinator)
[2017-03-07 00:27:06,181] INFO [Group Metadata Manager on Broker 0]: Removed 0 expired offsets in 6 milliseconds. (kafka.coordinator.GroupMetadataManager)
[2017-03-07 00:27:06,200] INFO [ThrottledRequestReaper-Produce], Starting  (kafka.server.ClientQuotaManager$ThrottledRequestReaper)
[2017-03-07 00:27:06,201] INFO [ThrottledRequestReaper-Fetch], Starting  (kafka.server.ClientQuotaManager$ThrottledRequestReaper)
[2017-03-07 00:27:06,206] INFO Will not load MX4J, mx4j-tools.jar is not in the classpath (kafka.utils.Mx4jLoader$)
[2017-03-07 00:27:16,233] INFO Creating /brokers/ids/0 (is it secure? false) (kafka.utils.ZKCheckedEphemeral)
[2017-03-07 00:27:16,240] INFO Got user-level KeeperException when processing sessionid:0x15aa73c1eb00000 type:create cxid:0x39 zxid:0x4e txntype:-1 reqpath:n/a Error Path:/brokers Error:KeeperErrorCode = NodeExists for /brokers (org.apache.zookeeper.server.PrepRequestProcessor)
[2017-03-07 00:27:16,240] INFO Got user-level KeeperException when processing sessionid:0x15aa73c1eb00000 type:create cxid:0x3a zxid:0x4f txntype:-1 reqpath:n/a Error Path:/brokers/ids Error:KeeperErrorCode = NodeExists for /brokers/ids (org.apache.zookeeper.server.PrepRequestProcessor)
[2017-03-07 00:27:16,242] INFO Result of znode creation is: OK (kafka.utils.ZKCheckedEphemeral)
[2017-03-07 00:27:21,250] INFO Registered broker 0 at path /brokers/ids/0 with addresses: PLAINTEXT -> EndPoint(172.20.0.188,9092,PLAINTEXT) (kafka.utils.ZkUtils)
[2017-03-07 00:27:21,264] INFO Kafka version : 0.10.0.1 (org.apache.kafka.common.utils.AppInfoParser)
[2017-03-07 00:27:21,264] INFO Kafka commitId : a7a17cdec9eaa6c5 (org.apache.kafka.common.utils.AppInfoParser)
[2017-03-07 00:27:21,264] INFO [Kafka Server 0], started (kafka.server.KafkaServer)
[2017-03-07 00:27:26,342] INFO [ReplicaFetcherManager on broker 0] Removed fetcher for partitions [__consumer_offsets,0],[bidding-BidEvent,0],[item-ItemEvent,0] (kafka.server.ReplicaFetcherManager)
[2017-03-07 00:27:26,361] INFO [Group Metadata Manager on Broker 0]: Loading offsets and group metadata from [__consumer_offsets,0] (kafka.coordinator.GroupMetadataManager)
[2017-03-07 00:27:26,367] INFO [ReplicaFetcherManager on broker 0] Removed fetcher for partitions [__consumer_offsets,0],[bidding-BidEvent,0],[item-ItemEvent,0] (kafka.server.ReplicaFetcherManager)
[2017-03-07 00:27:26,385] INFO [Group Metadata Manager on Broker 0]: Finished loading offsets from [__consumer_offsets,0] in 24 milliseconds. (kafka.coordinator.GroupMetadataManager)
[2017-03-07 00:27:27,346] INFO [GroupCoordinator 0]: Preparing to restabilize group search with old generation 0 (kafka.coordinator.GroupCoordinator)
[2017-03-07 00:27:27,352] INFO [GroupCoordinator 0]: Stabilized group search generation 1 (kafka.coordinator.GroupCoordinator)
[2017-03-07 00:27:27,357] INFO [GroupCoordinator 0]: Preparing to restabilize group search with old generation 1 (kafka.coordinator.GroupCoordinator)
[2017-03-07 00:27:27,359] INFO [GroupCoordinator 0]: Stabilized group search generation 2 (kafka.coordinator.GroupCoordinator)
[2017-03-07 00:27:27,535] INFO [GroupCoordinator 0]: Assignment received from leader for group search for generation 2 (kafka.coordinator.GroupCoordinator)
[2017-03-07 00:27:49,415] INFO [GroupCoordinator 0]: Preparing to restabilize group bidding with old generation 0 (kafka.coordinator.GroupCoordinator)
[2017-03-07 00:27:49,415] INFO [GroupCoordinator 0]: Stabilized group bidding generation 1 (kafka.coordinator.GroupCoordinator)
[2017-03-07 00:27:49,420] INFO [GroupCoordinator 0]: Assignment received from leader for group bidding for generation 1 (kafka.coordinator.GroupCoordinator)
[2017-03-07 00:27:54,464] INFO [GroupCoordinator 0]: Preparing to restabilize group item with old generation 0 (kafka.coordinator.GroupCoordinator)
[2017-03-07 00:27:54,464] INFO [GroupCoordinator 0]: Stabilized group item generation 1 (kafka.coordinator.GroupCoordinator)
[2017-03-07 00:27:54,470] INFO [GroupCoordinator 0]: Assignment received from leader for group item for generation 1 (kafka.coordinator.GroupCoordinator)
[2017-03-07 00:31:54,729] INFO [GroupCoordinator 0]: Preparing to restabilize group item with old generation 1 (kafka.coordinator.GroupCoordinator)
[2017-03-07 00:31:54,731] INFO [GroupCoordinator 0]: Group item generation 1 is dead and removed (kafka.coordinator.GroupCoordinator)
[2017-03-07 00:31:54,733] INFO [GroupCoordinator 0]: Preparing to restabilize group bidding with old generation 1 (kafka.coordinator.GroupCoordinator)
[2017-03-07 00:31:54,733] INFO [GroupCoordinator 0]: Group bidding generation 1 is dead and removed (kafka.coordinator.GroupCoordinator)
[2017-03-07 00:31:54,759] INFO [GroupCoordinator 0]: Preparing to restabilize group search with old generation 2 (kafka.coordinator.GroupCoordinator)
[2017-03-07 00:31:54,975] INFO [Kafka Server 0], shutting down (kafka.server.KafkaServer)
[2017-03-07 00:31:54,976] INFO [Kafka Server 0], Starting controlled shutdown (kafka.server.KafkaServer)
[2017-03-07 00:31:55,006] INFO [Kafka Server 0], Controlled shutdown succeeded (kafka.server.KafkaServer)
[2017-03-07 00:31:55,008] INFO [Socket Server on Broker 0], Shutting down (kafka.network.SocketServer)
[2017-03-07 00:31:55,017] INFO [Socket Server on Broker 0], Shutdown completed (kafka.network.SocketServer)
[2017-03-07 00:31:55,018] INFO [Kafka Request Handler on Broker 0], shutting down (kafka.server.KafkaRequestHandlerPool)
[2017-03-07 00:31:55,020] INFO [Kafka Request Handler on Broker 0], shut down completely (kafka.server.KafkaRequestHandlerPool)
[2017-03-07 00:31:55,024] INFO [ThrottledRequestReaper-Produce], Shutting down (kafka.server.ClientQuotaManager$ThrottledRequestReaper)
[2017-03-07 00:31:55,079] INFO [ThrottledRequestReaper-Produce], Stopped  (kafka.server.ClientQuotaManager$ThrottledRequestReaper)
[2017-03-07 00:31:55,079] INFO [ThrottledRequestReaper-Produce], Shutdown completed (kafka.server.ClientQuotaManager$ThrottledRequestReaper)
[2017-03-07 00:31:55,079] INFO [ThrottledRequestReaper-Fetch], Shutting down (kafka.server.ClientQuotaManager$ThrottledRequestReaper)
[2017-03-07 00:31:56,083] INFO [ThrottledRequestReaper-Fetch], Stopped  (kafka.server.ClientQuotaManager$ThrottledRequestReaper)
[2017-03-07 00:31:56,083] INFO [ThrottledRequestReaper-Fetch], Shutdown completed (kafka.server.ClientQuotaManager$ThrottledRequestReaper)
[2017-03-07 00:31:56,083] INFO [KafkaApi-0] Shutdown complete. (kafka.server.KafkaApis)
[2017-03-07 00:31:56,084] INFO [Replica Manager on Broker 0]: Shutting down (kafka.server.ReplicaManager)
[2017-03-07 00:31:56,084] INFO [ReplicaFetcherManager on broker 0] shutting down (kafka.server.ReplicaFetcherManager)
[2017-03-07 00:31:56,085] INFO [ReplicaFetcherManager on broker 0] shutdown completed (kafka.server.ReplicaFetcherManager)
[2017-03-07 00:31:56,085] INFO [ExpirationReaper-0], Shutting down (kafka.server.DelayedOperationPurgatory$ExpiredOperationReaper)
[2017-03-07 00:31:56,127] INFO [ExpirationReaper-0], Stopped  (kafka.server.DelayedOperationPurgatory$ExpiredOperationReaper)
[2017-03-07 00:31:56,127] INFO [ExpirationReaper-0], Shutdown completed (kafka.server.DelayedOperationPurgatory$ExpiredOperationReaper)
[2017-03-07 00:31:56,128] INFO [ExpirationReaper-0], Shutting down (kafka.server.DelayedOperationPurgatory$ExpiredOperationReaper)
[2017-03-07 00:31:56,252] INFO [ExpirationReaper-0], Stopped  (kafka.server.DelayedOperationPurgatory$ExpiredOperationReaper)
[2017-03-07 00:31:56,252] INFO [ExpirationReaper-0], Shutdown completed (kafka.server.DelayedOperationPurgatory$ExpiredOperationReaper)
[2017-03-07 00:31:56,254] INFO [Replica Manager on Broker 0]: Shut down completely (kafka.server.ReplicaManager)
[2017-03-07 00:31:56,254] INFO Shutting down. (kafka.log.LogManager)
[2017-03-07 00:31:56,271] INFO Shutdown complete. (kafka.log.LogManager)
[2017-03-07 00:31:56,271] INFO [GroupCoordinator 0]: Shutting down. (kafka.coordinator.GroupCoordinator)
[2017-03-07 00:31:56,272] INFO [ExpirationReaper-0], Shutting down (kafka.server.DelayedOperationPurgatory$ExpiredOperationReaper)
[2017-03-07 00:31:56,454] INFO [ExpirationReaper-0], Stopped  (kafka.server.DelayedOperationPurgatory$ExpiredOperationReaper)
[2017-03-07 00:31:56,454] INFO [ExpirationReaper-0], Shutdown completed (kafka.server.DelayedOperationPurgatory$ExpiredOperationReaper)
[2017-03-07 00:31:56,454] INFO [ExpirationReaper-0], Shutting down (kafka.server.DelayedOperationPurgatory$ExpiredOperationReaper)
[2017-03-07 00:31:56,584] INFO [ExpirationReaper-0], Stopped  (kafka.server.DelayedOperationPurgatory$ExpiredOperationReaper)
[2017-03-07 00:31:56,584] INFO [ExpirationReaper-0], Shutdown completed (kafka.server.DelayedOperationPurgatory$ExpiredOperationReaper)
[2017-03-07 00:31:56,585] INFO [GroupCoordinator 0]: Shutdown complete. (kafka.coordinator.GroupCoordinator)
[2017-03-07 00:31:56,596] INFO Terminate ZkClient event thread. (org.I0Itec.zkclient.ZkEventThread)
[2017-03-07 00:31:56,597] INFO Processed session termination for sessionid: 0x15aa73c1eb00000 (org.apache.zookeeper.server.PrepRequestProcessor)
[2017-03-07 00:31:56,599] INFO Session: 0x15aa73c1eb00000 closed (org.apache.zookeeper.ZooKeeper)
[2017-03-07 00:31:56,600] INFO EventThread shut down (org.apache.zookeeper.ClientCnxn)
[2017-03-07 00:31:56,600] INFO Closed socket connection for client /127.0.0.1:64208 which had sessionid 0x15aa73c1eb00000 (org.apache.zookeeper.server.NIOServerCnxn)
[2017-03-07 00:31:56,601] INFO [Kafka Server 0], shut down completed (kafka.server.KafkaServer)
[2017-03-07 00:31:56,601] INFO NIOServerCnxn factory exited run method (org.apache.zookeeper.server.NIOServerCnxnFactory)
[2017-03-07 00:31:56,601] INFO shutting down (org.apache.zookeeper.server.ZooKeeperServer)
[2017-03-07 00:31:56,602] INFO shutting down (org.apache.zookeeper.server.ZooKeeperServer)
[2017-03-07 00:31:56,602] INFO Shutting down (org.apache.zookeeper.server.SessionTrackerImpl)
[2017-03-07 00:31:56,602] INFO Shutting down (org.apache.zookeeper.server.SessionTrackerImpl)
[2017-03-07 00:31:56,602] INFO Shutting down (org.apache.zookeeper.server.PrepRequestProcessor)
[2017-03-07 00:31:56,602] INFO Shutting down (org.apache.zookeeper.server.PrepRequestProcessor)
[2017-03-07 00:31:56,602] INFO PrepRequestProcessor exited loop! (org.apache.zookeeper.server.PrepRequestProcessor)
[2017-03-07 00:31:56,602] INFO Shutting down (org.apache.zookeeper.server.SyncRequestProcessor)
[2017-03-07 00:31:56,602] INFO Shutting down (org.apache.zookeeper.server.SyncRequestProcessor)
[2017-03-07 00:31:56,602] INFO SyncRequestProcessor exited! (org.apache.zookeeper.server.SyncRequestProcessor)
[2017-03-07 00:31:56,602] INFO shutdown of request processor complete (org.apache.zookeeper.server.FinalRequestProcessor)
[2017-03-07 00:31:56,602] INFO shutdown of request processor complete (org.apache.zookeeper.server.FinalRequestProcessor)
