[2017-03-07 00:27:06,116] TRACE Controller 0 epoch 4 started leader election for partition [item-ItemEvent,0] (state.change.logger)
[2017-03-07 00:27:06,124] ERROR Controller 0 epoch 4 initiated state change for partition [item-ItemEvent,0] from OfflinePartition to OnlinePartition failed (state.change.logger)
kafka.common.NoReplicaOnlineException: No replica for partition [item-ItemEvent,0] is alive. Live brokers are: [Set()], Assigned replicas are: [List(0)]
	at kafka.controller.OfflinePartitionLeaderSelector.selectLeader(PartitionLeaderSelector.scala:75)
	at kafka.controller.PartitionStateMachine.electLeaderForPartition(PartitionStateMachine.scala:345)
	at kafka.controller.PartitionStateMachine.kafka$controller$PartitionStateMachine$$handleStateChange(PartitionStateMachine.scala:205)
	at kafka.controller.PartitionStateMachine$$anonfun$triggerOnlinePartitionStateChange$3.apply(PartitionStateMachine.scala:120)
	at kafka.controller.PartitionStateMachine$$anonfun$triggerOnlinePartitionStateChange$3.apply(PartitionStateMachine.scala:117)
	at scala.collection.TraversableLike$WithFilter$$anonfun$foreach$1.apply(TraversableLike.scala:778)
	at scala.collection.mutable.HashMap$$anonfun$foreach$1.apply(HashMap.scala:99)
	at scala.collection.mutable.HashMap$$anonfun$foreach$1.apply(HashMap.scala:99)
	at scala.collection.mutable.HashTable$class.foreachEntry(HashTable.scala:230)
	at scala.collection.mutable.HashMap.foreachEntry(HashMap.scala:40)
	at scala.collection.mutable.HashMap.foreach(HashMap.scala:99)
	at scala.collection.TraversableLike$WithFilter.foreach(TraversableLike.scala:777)
	at kafka.controller.PartitionStateMachine.triggerOnlinePartitionStateChange(PartitionStateMachine.scala:117)
	at kafka.controller.PartitionStateMachine.startup(PartitionStateMachine.scala:70)
	at kafka.controller.KafkaController.onControllerFailover(KafkaController.scala:335)
	at kafka.controller.KafkaController$$anonfun$1.apply$mcV$sp(KafkaController.scala:166)
	at kafka.server.ZookeeperLeaderElector.elect(ZookeeperLeaderElector.scala:84)
	at kafka.server.ZookeeperLeaderElector$$anonfun$startup$1.apply$mcZ$sp(ZookeeperLeaderElector.scala:50)
	at kafka.server.ZookeeperLeaderElector$$anonfun$startup$1.apply(ZookeeperLeaderElector.scala:48)
	at kafka.server.ZookeeperLeaderElector$$anonfun$startup$1.apply(ZookeeperLeaderElector.scala:48)
	at kafka.utils.CoreUtils$.inLock(CoreUtils.scala:231)
	at kafka.server.ZookeeperLeaderElector.startup(ZookeeperLeaderElector.scala:48)
	at kafka.controller.KafkaController$$anonfun$startup$1.apply$mcV$sp(KafkaController.scala:684)
	at kafka.controller.KafkaController$$anonfun$startup$1.apply(KafkaController.scala:680)
	at kafka.controller.KafkaController$$anonfun$startup$1.apply(KafkaController.scala:680)
	at kafka.utils.CoreUtils$.inLock(CoreUtils.scala:231)
	at kafka.controller.KafkaController.startup(KafkaController.scala:680)
	at kafka.server.KafkaServer.startup(KafkaServer.scala:200)
	at kafka.server.KafkaServerStartable.startup(KafkaServerStartable.scala:37)
	at com.lightbend.lagom.internal.kafka.KafkaLocalServer.start(KafkaLocalServer.scala:38)
	at com.lightbend.lagom.internal.kafka.KafkaLauncher$.main(KafkaLauncher.scala:45)
	at com.lightbend.lagom.internal.kafka.KafkaLauncher.main(KafkaLauncher.scala)
[2017-03-07 00:27:06,127] TRACE Controller 0 epoch 4 started leader election for partition [bidding-BidEvent,0] (state.change.logger)
[2017-03-07 00:27:06,133] ERROR Controller 0 epoch 4 initiated state change for partition [bidding-BidEvent,0] from OfflinePartition to OnlinePartition failed (state.change.logger)
kafka.common.NoReplicaOnlineException: No replica for partition [bidding-BidEvent,0] is alive. Live brokers are: [Set()], Assigned replicas are: [List(0)]
	at kafka.controller.OfflinePartitionLeaderSelector.selectLeader(PartitionLeaderSelector.scala:75)
	at kafka.controller.PartitionStateMachine.electLeaderForPartition(PartitionStateMachine.scala:345)
	at kafka.controller.PartitionStateMachine.kafka$controller$PartitionStateMachine$$handleStateChange(PartitionStateMachine.scala:205)
	at kafka.controller.PartitionStateMachine$$anonfun$triggerOnlinePartitionStateChange$3.apply(PartitionStateMachine.scala:120)
	at kafka.controller.PartitionStateMachine$$anonfun$triggerOnlinePartitionStateChange$3.apply(PartitionStateMachine.scala:117)
	at scala.collection.TraversableLike$WithFilter$$anonfun$foreach$1.apply(TraversableLike.scala:778)
	at scala.collection.mutable.HashMap$$anonfun$foreach$1.apply(HashMap.scala:99)
	at scala.collection.mutable.HashMap$$anonfun$foreach$1.apply(HashMap.scala:99)
	at scala.collection.mutable.HashTable$class.foreachEntry(HashTable.scala:230)
	at scala.collection.mutable.HashMap.foreachEntry(HashMap.scala:40)
	at scala.collection.mutable.HashMap.foreach(HashMap.scala:99)
	at scala.collection.TraversableLike$WithFilter.foreach(TraversableLike.scala:777)
	at kafka.controller.PartitionStateMachine.triggerOnlinePartitionStateChange(PartitionStateMachine.scala:117)
	at kafka.controller.PartitionStateMachine.startup(PartitionStateMachine.scala:70)
	at kafka.controller.KafkaController.onControllerFailover(KafkaController.scala:335)
	at kafka.controller.KafkaController$$anonfun$1.apply$mcV$sp(KafkaController.scala:166)
	at kafka.server.ZookeeperLeaderElector.elect(ZookeeperLeaderElector.scala:84)
	at kafka.server.ZookeeperLeaderElector$$anonfun$startup$1.apply$mcZ$sp(ZookeeperLeaderElector.scala:50)
	at kafka.server.ZookeeperLeaderElector$$anonfun$startup$1.apply(ZookeeperLeaderElector.scala:48)
	at kafka.server.ZookeeperLeaderElector$$anonfun$startup$1.apply(ZookeeperLeaderElector.scala:48)
	at kafka.utils.CoreUtils$.inLock(CoreUtils.scala:231)
	at kafka.server.ZookeeperLeaderElector.startup(ZookeeperLeaderElector.scala:48)
	at kafka.controller.KafkaController$$anonfun$startup$1.apply$mcV$sp(KafkaController.scala:684)
	at kafka.controller.KafkaController$$anonfun$startup$1.apply(KafkaController.scala:680)
	at kafka.controller.KafkaController$$anonfun$startup$1.apply(KafkaController.scala:680)
	at kafka.utils.CoreUtils$.inLock(CoreUtils.scala:231)
	at kafka.controller.KafkaController.startup(KafkaController.scala:680)
	at kafka.server.KafkaServer.startup(KafkaServer.scala:200)
	at kafka.server.KafkaServerStartable.startup(KafkaServerStartable.scala:37)
	at com.lightbend.lagom.internal.kafka.KafkaLocalServer.start(KafkaLocalServer.scala:38)
	at com.lightbend.lagom.internal.kafka.KafkaLauncher$.main(KafkaLauncher.scala:45)
	at com.lightbend.lagom.internal.kafka.KafkaLauncher.main(KafkaLauncher.scala)
[2017-03-07 00:27:06,133] TRACE Controller 0 epoch 4 started leader election for partition [__consumer_offsets,0] (state.change.logger)
[2017-03-07 00:27:06,142] ERROR Controller 0 epoch 4 initiated state change for partition [__consumer_offsets,0] from OfflinePartition to OnlinePartition failed (state.change.logger)
kafka.common.NoReplicaOnlineException: No replica for partition [__consumer_offsets,0] is alive. Live brokers are: [Set()], Assigned replicas are: [List(0)]
	at kafka.controller.OfflinePartitionLeaderSelector.selectLeader(PartitionLeaderSelector.scala:75)
	at kafka.controller.PartitionStateMachine.electLeaderForPartition(PartitionStateMachine.scala:345)
	at kafka.controller.PartitionStateMachine.kafka$controller$PartitionStateMachine$$handleStateChange(PartitionStateMachine.scala:205)
	at kafka.controller.PartitionStateMachine$$anonfun$triggerOnlinePartitionStateChange$3.apply(PartitionStateMachine.scala:120)
	at kafka.controller.PartitionStateMachine$$anonfun$triggerOnlinePartitionStateChange$3.apply(PartitionStateMachine.scala:117)
	at scala.collection.TraversableLike$WithFilter$$anonfun$foreach$1.apply(TraversableLike.scala:778)
	at scala.collection.mutable.HashMap$$anonfun$foreach$1.apply(HashMap.scala:99)
	at scala.collection.mutable.HashMap$$anonfun$foreach$1.apply(HashMap.scala:99)
	at scala.collection.mutable.HashTable$class.foreachEntry(HashTable.scala:230)
	at scala.collection.mutable.HashMap.foreachEntry(HashMap.scala:40)
	at scala.collection.mutable.HashMap.foreach(HashMap.scala:99)
	at scala.collection.TraversableLike$WithFilter.foreach(TraversableLike.scala:777)
	at kafka.controller.PartitionStateMachine.triggerOnlinePartitionStateChange(PartitionStateMachine.scala:117)
	at kafka.controller.PartitionStateMachine.startup(PartitionStateMachine.scala:70)
	at kafka.controller.KafkaController.onControllerFailover(KafkaController.scala:335)
	at kafka.controller.KafkaController$$anonfun$1.apply$mcV$sp(KafkaController.scala:166)
	at kafka.server.ZookeeperLeaderElector.elect(ZookeeperLeaderElector.scala:84)
	at kafka.server.ZookeeperLeaderElector$$anonfun$startup$1.apply$mcZ$sp(ZookeeperLeaderElector.scala:50)
	at kafka.server.ZookeeperLeaderElector$$anonfun$startup$1.apply(ZookeeperLeaderElector.scala:48)
	at kafka.server.ZookeeperLeaderElector$$anonfun$startup$1.apply(ZookeeperLeaderElector.scala:48)
	at kafka.utils.CoreUtils$.inLock(CoreUtils.scala:231)
	at kafka.server.ZookeeperLeaderElector.startup(ZookeeperLeaderElector.scala:48)
	at kafka.controller.KafkaController$$anonfun$startup$1.apply$mcV$sp(KafkaController.scala:684)
	at kafka.controller.KafkaController$$anonfun$startup$1.apply(KafkaController.scala:680)
	at kafka.controller.KafkaController$$anonfun$startup$1.apply(KafkaController.scala:680)
	at kafka.utils.CoreUtils$.inLock(CoreUtils.scala:231)
	at kafka.controller.KafkaController.startup(KafkaController.scala:680)
	at kafka.server.KafkaServer.startup(KafkaServer.scala:200)
	at kafka.server.KafkaServerStartable.startup(KafkaServerStartable.scala:37)
	at com.lightbend.lagom.internal.kafka.KafkaLocalServer.start(KafkaLocalServer.scala:38)
	at com.lightbend.lagom.internal.kafka.KafkaLauncher$.main(KafkaLauncher.scala:45)
	at com.lightbend.lagom.internal.kafka.KafkaLauncher.main(KafkaLauncher.scala)
[2017-03-07 00:27:16,275] TRACE Controller 0 epoch 4 sending UpdateMetadata request (Leader:0,ISR:0,LeaderEpoch:2,ControllerEpoch:3) to broker 0 for partition bidding-BidEvent-0 (state.change.logger)
[2017-03-07 00:27:16,275] TRACE Controller 0 epoch 4 sending UpdateMetadata request (Leader:0,ISR:0,LeaderEpoch:2,ControllerEpoch:3) to broker 0 for partition item-ItemEvent-0 (state.change.logger)
[2017-03-07 00:27:16,276] TRACE Controller 0 epoch 4 sending UpdateMetadata request (Leader:0,ISR:0,LeaderEpoch:2,ControllerEpoch:3) to broker 0 for partition __consumer_offsets-0 (state.change.logger)
[2017-03-07 00:27:16,301] TRACE Controller 0 epoch 4 changed state of replica 0 for partition [item-ItemEvent,0] from ReplicaDeletionIneligible to OnlineReplica (state.change.logger)
[2017-03-07 00:27:16,302] TRACE Controller 0 epoch 4 changed state of replica 0 for partition [bidding-BidEvent,0] from ReplicaDeletionIneligible to OnlineReplica (state.change.logger)
[2017-03-07 00:27:16,302] TRACE Controller 0 epoch 4 changed state of replica 0 for partition [__consumer_offsets,0] from ReplicaDeletionIneligible to OnlineReplica (state.change.logger)
[2017-03-07 00:27:16,303] TRACE Controller 0 epoch 4 sending become-leader LeaderAndIsr request (Leader:0,ISR:0,LeaderEpoch:2,ControllerEpoch:3) to broker 0 for partition [bidding-BidEvent,0] (state.change.logger)
[2017-03-07 00:27:16,303] TRACE Controller 0 epoch 4 sending become-leader LeaderAndIsr request (Leader:0,ISR:0,LeaderEpoch:2,ControllerEpoch:3) to broker 0 for partition [item-ItemEvent,0] (state.change.logger)
[2017-03-07 00:27:16,303] TRACE Controller 0 epoch 4 sending become-leader LeaderAndIsr request (Leader:0,ISR:0,LeaderEpoch:2,ControllerEpoch:3) to broker 0 for partition [__consumer_offsets,0] (state.change.logger)
[2017-03-07 00:27:16,306] TRACE Controller 0 epoch 4 sending UpdateMetadata request (Leader:0,ISR:0,LeaderEpoch:2,ControllerEpoch:3) to broker 0 for partition bidding-BidEvent-0 (state.change.logger)
[2017-03-07 00:27:16,306] TRACE Controller 0 epoch 4 sending UpdateMetadata request (Leader:0,ISR:0,LeaderEpoch:2,ControllerEpoch:3) to broker 0 for partition item-ItemEvent-0 (state.change.logger)
[2017-03-07 00:27:16,306] TRACE Controller 0 epoch 4 sending UpdateMetadata request (Leader:0,ISR:0,LeaderEpoch:2,ControllerEpoch:3) to broker 0 for partition __consumer_offsets-0 (state.change.logger)
[2017-03-07 00:27:16,306] TRACE Controller 0 epoch 4 started leader election for partition [item-ItemEvent,0] (state.change.logger)
[2017-03-07 00:27:16,314] TRACE Controller 0 epoch 4 elected leader 0 for Offline partition [item-ItemEvent,0] (state.change.logger)
[2017-03-07 00:27:16,315] TRACE Controller 0 epoch 4 changed partition [item-ItemEvent,0] from OfflinePartition to OnlinePartition with leader 0 (state.change.logger)
[2017-03-07 00:27:16,315] TRACE Controller 0 epoch 4 started leader election for partition [bidding-BidEvent,0] (state.change.logger)
[2017-03-07 00:27:16,319] TRACE Controller 0 epoch 4 elected leader 0 for Offline partition [bidding-BidEvent,0] (state.change.logger)
[2017-03-07 00:27:16,319] TRACE Controller 0 epoch 4 changed partition [bidding-BidEvent,0] from OfflinePartition to OnlinePartition with leader 0 (state.change.logger)
[2017-03-07 00:27:16,320] TRACE Controller 0 epoch 4 started leader election for partition [__consumer_offsets,0] (state.change.logger)
[2017-03-07 00:27:16,323] TRACE Controller 0 epoch 4 elected leader 0 for Offline partition [__consumer_offsets,0] (state.change.logger)
[2017-03-07 00:27:16,323] TRACE Controller 0 epoch 4 changed partition [__consumer_offsets,0] from OfflinePartition to OnlinePartition with leader 0 (state.change.logger)
[2017-03-07 00:27:16,323] TRACE Controller 0 epoch 4 sending become-leader LeaderAndIsr request (Leader:0,ISR:0,LeaderEpoch:3,ControllerEpoch:4) to broker 0 for partition [bidding-BidEvent,0] (state.change.logger)
[2017-03-07 00:27:16,323] TRACE Controller 0 epoch 4 sending become-leader LeaderAndIsr request (Leader:0,ISR:0,LeaderEpoch:3,ControllerEpoch:4) to broker 0 for partition [item-ItemEvent,0] (state.change.logger)
[2017-03-07 00:27:16,324] TRACE Controller 0 epoch 4 sending become-leader LeaderAndIsr request (Leader:0,ISR:0,LeaderEpoch:3,ControllerEpoch:4) to broker 0 for partition [__consumer_offsets,0] (state.change.logger)
[2017-03-07 00:27:16,324] TRACE Controller 0 epoch 4 sending UpdateMetadata request (Leader:0,ISR:0,LeaderEpoch:3,ControllerEpoch:4) to broker 0 for partition bidding-BidEvent-0 (state.change.logger)
[2017-03-07 00:27:16,324] TRACE Controller 0 epoch 4 sending UpdateMetadata request (Leader:0,ISR:0,LeaderEpoch:3,ControllerEpoch:4) to broker 0 for partition item-ItemEvent-0 (state.change.logger)
[2017-03-07 00:27:16,324] TRACE Controller 0 epoch 4 sending UpdateMetadata request (Leader:0,ISR:0,LeaderEpoch:3,ControllerEpoch:4) to broker 0 for partition __consumer_offsets-0 (state.change.logger)
[2017-03-07 00:27:26,296] TRACE Broker 0 cached leader info (LeaderAndIsrInfo:(Leader:0,ISR:0,LeaderEpoch:2,ControllerEpoch:3),ReplicationFactor:1),AllReplicas:0) for partition bidding-BidEvent-0 in response to UpdateMetadata request sent by controller 0 epoch 4 with correlation id 0 (state.change.logger)
[2017-03-07 00:27:26,296] TRACE Broker 0 cached leader info (LeaderAndIsrInfo:(Leader:0,ISR:0,LeaderEpoch:2,ControllerEpoch:3),ReplicationFactor:1),AllReplicas:0) for partition __consumer_offsets-0 in response to UpdateMetadata request sent by controller 0 epoch 4 with correlation id 0 (state.change.logger)
[2017-03-07 00:27:26,296] TRACE Broker 0 cached leader info (LeaderAndIsrInfo:(Leader:0,ISR:0,LeaderEpoch:2,ControllerEpoch:3),ReplicationFactor:1),AllReplicas:0) for partition item-ItemEvent-0 in response to UpdateMetadata request sent by controller 0 epoch 4 with correlation id 0 (state.change.logger)
[2017-03-07 00:27:26,300] TRACE Controller 0 epoch 4 received response {error_code=0} for a request sent to broker 172.20.0.188:9092 (id: 0 rack: null) (state.change.logger)
[2017-03-07 00:27:26,330] TRACE Broker 0 received LeaderAndIsr request PartitionState(controllerEpoch=3, leader=0, leaderEpoch=2, isr=[0], zkVersion=2, replicas=[0]) correlation id 1 from controller 0 epoch 4 for partition [bidding-BidEvent,0] (state.change.logger)
[2017-03-07 00:27:26,330] TRACE Broker 0 received LeaderAndIsr request PartitionState(controllerEpoch=3, leader=0, leaderEpoch=2, isr=[0], zkVersion=2, replicas=[0]) correlation id 1 from controller 0 epoch 4 for partition [__consumer_offsets,0] (state.change.logger)
[2017-03-07 00:27:26,330] TRACE Broker 0 received LeaderAndIsr request PartitionState(controllerEpoch=3, leader=0, leaderEpoch=2, isr=[0], zkVersion=2, replicas=[0]) correlation id 1 from controller 0 epoch 4 for partition [item-ItemEvent,0] (state.change.logger)
[2017-03-07 00:27:26,340] TRACE Broker 0 handling LeaderAndIsr request correlationId 1 from controller 0 epoch 4 starting the become-leader transition for partition [__consumer_offsets,0] (state.change.logger)
[2017-03-07 00:27:26,340] TRACE Broker 0 handling LeaderAndIsr request correlationId 1 from controller 0 epoch 4 starting the become-leader transition for partition [bidding-BidEvent,0] (state.change.logger)
[2017-03-07 00:27:26,340] TRACE Broker 0 handling LeaderAndIsr request correlationId 1 from controller 0 epoch 4 starting the become-leader transition for partition [item-ItemEvent,0] (state.change.logger)
[2017-03-07 00:27:26,355] TRACE Broker 0 stopped fetchers as part of become-leader request from controller 0 epoch 4 with correlation id 1 for partition [item-ItemEvent,0] (state.change.logger)
[2017-03-07 00:27:26,355] TRACE Broker 0 stopped fetchers as part of become-leader request from controller 0 epoch 4 with correlation id 1 for partition [bidding-BidEvent,0] (state.change.logger)
[2017-03-07 00:27:26,355] TRACE Broker 0 stopped fetchers as part of become-leader request from controller 0 epoch 4 with correlation id 1 for partition [__consumer_offsets,0] (state.change.logger)
[2017-03-07 00:27:26,357] TRACE Broker 0 completed LeaderAndIsr request correlationId 1 from controller 0 epoch 4 for the become-leader transition for partition [__consumer_offsets,0] (state.change.logger)
[2017-03-07 00:27:26,357] TRACE Broker 0 completed LeaderAndIsr request correlationId 1 from controller 0 epoch 4 for the become-leader transition for partition [bidding-BidEvent,0] (state.change.logger)
[2017-03-07 00:27:26,357] TRACE Broker 0 completed LeaderAndIsr request correlationId 1 from controller 0 epoch 4 for the become-leader transition for partition [item-ItemEvent,0] (state.change.logger)
[2017-03-07 00:27:26,362] TRACE Controller 0 epoch 4 received response {error_code=0,partitions=[{topic=bidding-BidEvent,partition=0,error_code=0},{topic=item-ItemEvent,partition=0,error_code=0},{topic=__consumer_offsets,partition=0,error_code=0}]} for a request sent to broker 172.20.0.188:9092 (id: 0 rack: null) (state.change.logger)
[2017-03-07 00:27:26,363] TRACE Broker 0 cached leader info (LeaderAndIsrInfo:(Leader:0,ISR:0,LeaderEpoch:2,ControllerEpoch:3),ReplicationFactor:1),AllReplicas:0) for partition bidding-BidEvent-0 in response to UpdateMetadata request sent by controller 0 epoch 4 with correlation id 2 (state.change.logger)
[2017-03-07 00:27:26,363] TRACE Broker 0 cached leader info (LeaderAndIsrInfo:(Leader:0,ISR:0,LeaderEpoch:2,ControllerEpoch:3),ReplicationFactor:1),AllReplicas:0) for partition __consumer_offsets-0 in response to UpdateMetadata request sent by controller 0 epoch 4 with correlation id 2 (state.change.logger)
[2017-03-07 00:27:26,363] TRACE Broker 0 cached leader info (LeaderAndIsrInfo:(Leader:0,ISR:0,LeaderEpoch:2,ControllerEpoch:3),ReplicationFactor:1),AllReplicas:0) for partition item-ItemEvent-0 in response to UpdateMetadata request sent by controller 0 epoch 4 with correlation id 2 (state.change.logger)
[2017-03-07 00:27:26,364] TRACE Controller 0 epoch 4 received response {error_code=0} for a request sent to broker 172.20.0.188:9092 (id: 0 rack: null) (state.change.logger)
[2017-03-07 00:27:26,365] TRACE Broker 0 received LeaderAndIsr request PartitionState(controllerEpoch=4, leader=0, leaderEpoch=3, isr=[0], zkVersion=3, replicas=[0]) correlation id 3 from controller 0 epoch 4 for partition [bidding-BidEvent,0] (state.change.logger)
[2017-03-07 00:27:26,365] TRACE Broker 0 received LeaderAndIsr request PartitionState(controllerEpoch=4, leader=0, leaderEpoch=3, isr=[0], zkVersion=3, replicas=[0]) correlation id 3 from controller 0 epoch 4 for partition [__consumer_offsets,0] (state.change.logger)
[2017-03-07 00:27:26,365] TRACE Broker 0 received LeaderAndIsr request PartitionState(controllerEpoch=4, leader=0, leaderEpoch=3, isr=[0], zkVersion=3, replicas=[0]) correlation id 3 from controller 0 epoch 4 for partition [item-ItemEvent,0] (state.change.logger)
[2017-03-07 00:27:26,365] TRACE Broker 0 handling LeaderAndIsr request correlationId 3 from controller 0 epoch 4 starting the become-leader transition for partition [__consumer_offsets,0] (state.change.logger)
[2017-03-07 00:27:26,365] TRACE Broker 0 handling LeaderAndIsr request correlationId 3 from controller 0 epoch 4 starting the become-leader transition for partition [bidding-BidEvent,0] (state.change.logger)
[2017-03-07 00:27:26,365] TRACE Broker 0 handling LeaderAndIsr request correlationId 3 from controller 0 epoch 4 starting the become-leader transition for partition [item-ItemEvent,0] (state.change.logger)
[2017-03-07 00:27:26,368] INFO Broker 0 skipped the become-leader state change after marking its partition as leader with correlation id 3 from controller 0 epoch 4 for partition [__consumer_offsets,0] since it is already the leader for the partition. (state.change.logger)
[2017-03-07 00:27:26,369] INFO Broker 0 skipped the become-leader state change after marking its partition as leader with correlation id 3 from controller 0 epoch 4 for partition [bidding-BidEvent,0] since it is already the leader for the partition. (state.change.logger)
[2017-03-07 00:27:26,369] INFO Broker 0 skipped the become-leader state change after marking its partition as leader with correlation id 3 from controller 0 epoch 4 for partition [item-ItemEvent,0] since it is already the leader for the partition. (state.change.logger)
[2017-03-07 00:27:26,369] TRACE Broker 0 completed LeaderAndIsr request correlationId 3 from controller 0 epoch 4 for the become-leader transition for partition [__consumer_offsets,0] (state.change.logger)
[2017-03-07 00:27:26,369] TRACE Broker 0 completed LeaderAndIsr request correlationId 3 from controller 0 epoch 4 for the become-leader transition for partition [bidding-BidEvent,0] (state.change.logger)
[2017-03-07 00:27:26,370] TRACE Broker 0 completed LeaderAndIsr request correlationId 3 from controller 0 epoch 4 for the become-leader transition for partition [item-ItemEvent,0] (state.change.logger)
[2017-03-07 00:27:26,370] TRACE Controller 0 epoch 4 received response {error_code=0,partitions=[{topic=bidding-BidEvent,partition=0,error_code=0},{topic=item-ItemEvent,partition=0,error_code=0},{topic=__consumer_offsets,partition=0,error_code=0}]} for a request sent to broker 172.20.0.188:9092 (id: 0 rack: null) (state.change.logger)
[2017-03-07 00:27:26,371] TRACE Broker 0 cached leader info (LeaderAndIsrInfo:(Leader:0,ISR:0,LeaderEpoch:3,ControllerEpoch:4),ReplicationFactor:1),AllReplicas:0) for partition bidding-BidEvent-0 in response to UpdateMetadata request sent by controller 0 epoch 4 with correlation id 4 (state.change.logger)
[2017-03-07 00:27:26,371] TRACE Broker 0 cached leader info (LeaderAndIsrInfo:(Leader:0,ISR:0,LeaderEpoch:3,ControllerEpoch:4),ReplicationFactor:1),AllReplicas:0) for partition __consumer_offsets-0 in response to UpdateMetadata request sent by controller 0 epoch 4 with correlation id 4 (state.change.logger)
[2017-03-07 00:27:26,372] TRACE Broker 0 cached leader info (LeaderAndIsrInfo:(Leader:0,ISR:0,LeaderEpoch:3,ControllerEpoch:4),ReplicationFactor:1),AllReplicas:0) for partition item-ItemEvent-0 in response to UpdateMetadata request sent by controller 0 epoch 4 with correlation id 4 (state.change.logger)
[2017-03-07 00:27:26,372] TRACE Controller 0 epoch 4 received response {error_code=0} for a request sent to broker 172.20.0.188:9092 (id: 0 rack: null) (state.change.logger)
